生成启动时间为 2019/1/14 15:34:43。
     1>项目“D:\code\新建文件夹\-s\1_11_csdn\1_11_csdn\1_11_csdn.vcxproj”在节点 2 上(Build 个目标)。
     1>ClCompile:
         C:\Program Files (x86)\Microsoft Visual Studio 12.0\VC\bin\CL.exe /c /ZI /nologo /W3 /WX- /sdl /Od /Oy- /D _MBCS /Gm /EHsc /RTC1 /MDd /GS /fp:precise /Zc:wchar_t /Zc:forScope /Fo"Debug\\" /Fd"Debug\vc120.pdb" /Gd /TC /analyze- /errorReport:prompt Contact.c test.c
         test.c
     1>d:\code\新建文件夹\-s\1_11_csdn\1_11_csdn\test.c(6): error C2082: 形参“InitContact”的重定义
     1>d:\code\新建文件夹\-s\1_11_csdn\1_11_csdn\test.c(6): error C2143: 语法错误 : 缺少“;”(在“{”的前面)
     1>d:\code\新建文件夹\-s\1_11_csdn\1_11_csdn\test.c(26): warning C4013: “check_Contact”未定义；假设外部返回 int
     1>d:\code\新建文件夹\-s\1_11_csdn\1_11_csdn\test.c(26): warning C4047: “==”:“int”与“void *”的间接级别不同
     1>d:\code\新建文件夹\-s\1_11_csdn\1_11_csdn\test.c(65): error C2084: 函数“void DestroyContact(pContact)”已有主体
                 d:\code\新建文件夹\-s\1_11_csdn\1_11_csdn\contact.h(50) : 参见“DestroyContact”的前一个定义
     1>d:\code\新建文件夹\-s\1_11_csdn\1_11_csdn\test.c(73): error C2040: “check_Contact”:“void *(pContact)”与“int ()”的间接寻址级别不同
     1>d:\code\新建文件夹\-s\1_11_csdn\1_11_csdn\test.c(77): warning C4022: “realloc”: 指针与实参 1 不匹配
     1>d:\code\新建文件夹\-s\1_11_csdn\1_11_csdn\test.c(77): error C2143: 语法错误 : 缺少“)”(在“;”的前面)
     1>d:\code\新建文件夹\-s\1_11_csdn\1_11_csdn\test.c(77): error C2198: “realloc”: 用于调用的参数太少
         Contact.c
     1>d:\code\新建文件夹\-s\1_11_csdn\1_11_csdn\contact.c(6): error C2085: “menu”: 不在形参表中
     1>d:\code\新建文件夹\-s\1_11_csdn\1_11_csdn\contact.c(6): error C2143: 语法错误 : 缺少“;”(在“{”的前面)
     1>d:\code\新建文件夹\-s\1_11_csdn\1_11_csdn\contact.c(37): warning C4013: “menu”未定义；假设外部返回 int
         正在生成代码...
     1>已完成生成项目“D:\code\新建文件夹\-s\1_11_csdn\1_11_csdn\1_11_csdn.vcxproj”(Build 个目标)的操作 - 失败。

生成失败。

已用时间 00:00:00.26
